This is pdfTeX, Version 3.141592653-2.6-1.40.24 (MiKTeX 22.3) (preloaded format=pdflatex 2022.4.15)  4 DEC 2022 10:31
entering extended mode
 restricted \write18 enabled.
 %&-line parsing enabled.
**./porocilo.tex
(porocilo.tex
LaTeX2e <2021-11-15> patch level 1
L3 programming layer <2022-02-24> (C:\Miktex\tex/latex/base\article.cls
Document Class: article 2021/10/04 v1.4n Standard LaTeX document class
(C:\Miktex\tex/latex/base\size11.clo
File: size11.clo 2021/10/04 v1.4n Standard LaTeX file (size option)
)
\c@part=\count185
\c@section=\count186
\c@subsection=\count187
\c@subsubsection=\count188
\c@paragraph=\count189
\c@subparagraph=\count190
\c@figure=\count191
\c@table=\count192
\abovecaptionskip=\skip47
\belowcaptionskip=\skip48
\bibindent=\dimen138
) (C:\Miktex\tex/generic/babel\babel.sty
Package: babel 2022/02/26 3.73 The Babel package
\babel@savecnt=\count193
\U@D=\dimen139
\l@unhyphenated=\language79

(C:\Miktex\tex/generic/babel\txtbabel.def)
\bbl@readstream=\read2
\bbl@dirlevel=\count194

*************************************
* Local config file bblopts.cfg used
*
(C:\Miktex\tex/latex/arabi\bblopts.cfg
File: bblopts.cfg 2005/09/08 v0.1 add Arabic and Farsi to "declared" options of
 babel
)
(C:\Miktex\tex/latex/babel-slovenian\slovene.ldf
Language: slovene 2021/02/06 v1.2n Slovene support from the babel system
Package babel Info: Making " an active character on input line 79.
))
(C:\Miktex\tex/latex/base\inputenc.sty
Package: inputenc 2021/02/14 v1.3d Input encoding file
\inpenc@prehook=\toks16
\inpenc@posthook=\toks17
) (C:\Miktex\tex/latex/base\fontenc.sty
Package: fontenc 2021/04/29 v2.0v Standard LaTeX package
)
(C:\Miktex\tex/latex/amsfonts\amsfonts.sty
Package: amsfonts 2013/01/14 v3.01 Basic AMSFonts support
\@emptytoks=\toks18
\symAMSa=\mathgroup4
\symAMSb=\mathgroup5
LaTeX Font Info:    Redeclaring math symbol \hbar on input line 98.
LaTeX Font Info:    Overwriting math alphabet `\mathfrak' in version `bold'
(Font)                  U/euf/m/n --> U/euf/b/n on input line 106.
)
(C:\Miktex\tex/latex/amsmath\amsmath.sty
Package: amsmath 2021/10/15 v2.17l AMS math features
\@mathmargin=\skip49

For additional information on amsmath, use the `?' option.
(C:\Miktex\tex/latex/amsmath\amstext.sty
Package: amstext 2021/08/26 v2.01 AMS text

(C:\Miktex\tex/latex/amsmath\amsgen.sty
File: amsgen.sty 1999/11/30 v2.0 generic functions
\@emptytoks=\toks19
\ex@=\dimen140
))
(C:\Miktex\tex/latex/amsmath\amsbsy.sty
Package: amsbsy 1999/11/29 v1.2d Bold Symbols
\pmbraise@=\dimen141
)
(C:\Miktex\tex/latex/amsmath\amsopn.sty
Package: amsopn 2021/08/26 v2.02 operator names
)
\inf@bad=\count195
LaTeX Info: Redefining \frac on input line 234.
\uproot@=\count196
\leftroot@=\count197
LaTeX Info: Redefining \overline on input line 399.
\classnum@=\count198
\DOTSCASE@=\count199
LaTeX Info: Redefining \ldots on input line 496.
LaTeX Info: Redefining \dots on input line 499.
LaTeX Info: Redefining \cdots on input line 620.
\Mathstrutbox@=\box50
\strutbox@=\box51
\big@size=\dimen142
LaTeX Font Info:    Redeclaring font encoding OML on input line 743.
LaTeX Font Info:    Redeclaring font encoding OMS on input line 744.
\macc@depth=\count266
\c@MaxMatrixCols=\count267
\dotsspace@=\muskip16
\c@parentequation=\count268
\dspbrk@lvl=\count269
\tag@help=\toks20
\row@=\count270
\column@=\count271
\maxfields@=\count272
\andhelp@=\toks21
\eqnshift@=\dimen143
\alignsep@=\dimen144
\tagshift@=\dimen145
\tagwidth@=\dimen146
\totwidth@=\dimen147
\lineht@=\dimen148
\@envbody=\toks22
\multlinegap=\skip50
\multlinetaggap=\skip51
\mathdisplay@stack=\toks23
LaTeX Info: Redefining \[ on input line 2938.
LaTeX Info: Redefining \] on input line 2939.
)
(C:\Miktex\tex/latex/amsfonts\amssymb.sty
Package: amssymb 2013/01/14 v3.01 AMS font symbols
)
(C:\Miktex\tex/latex/amscls\amsthm.sty
Package: amsthm 2020/05/29 v2.20.6
\thm@style=\toks24
\thm@bodyfont=\toks25
\thm@headfont=\toks26
\thm@notefont=\toks27
\thm@headpunct=\toks28
\thm@preskip=\skip52
\thm@postskip=\skip53
\thm@headsep=\skip54
\dth@everypar=\toks29
)
(C:\Miktex\tex/latex/graphics\graphicx.sty
Package: graphicx 2021/09/16 v1.2d Enhanced LaTeX Graphics (DPC,SPQR)

(C:\Miktex\tex/latex/graphics\keyval.sty
Package: keyval 2014/10/28 v1.15 key=value parser (DPC)
\KV@toks@=\toks30
)
(C:\Miktex\tex/latex/graphics\graphics.sty
Package: graphics 2021/03/04 v1.4d Standard LaTeX Graphics (DPC,SPQR)

(C:\Miktex\tex/latex/graphics\trig.sty
Package: trig 2021/08/11 v1.11 sin cos tan (DPC)
)
(C:\Miktex\tex/latex/graphics-cfg\graphics.cfg
File: graphics.cfg 2016/06/04 v1.11 sample graphics configuration
)
Package graphics Info: Driver file: pdftex.def on input line 107.

(C:\Miktex\tex/latex/graphics-def\pdftex.def
File: pdftex.def 2020/10/05 v1.2a Graphics/color driver for pdftex
))
\Gin@req@height=\dimen149
\Gin@req@width=\dimen150
)
\c@Izrek=\count273

(C:\Miktex\tex/latex/l3backend\l3backend-pdftex.def
File: l3backend-pdftex.def 2022-02-07 L3 backend support: PDF output (pdfTeX)
\l__color_backend_stack_int=\count274
\l__pdf_internal_box=\box52
)
No file porocilo.aux.
\openout1 = `porocilo.aux'.

LaTeX Font Info:    Checking defaults for OML/cmm/m/it on input line 13.
LaTeX Font Info:    ... okay on input line 13.
LaTeX Font Info:    Checking defaults for OMS/cmsy/m/n on input line 13.
LaTeX Font Info:    ... okay on input line 13.
LaTeX Font Info:    Checking defaults for OT1/cmr/m/n on input line 13.
LaTeX Font Info:    ... okay on input line 13.
LaTeX Font Info:    Checking defaults for T1/cmr/m/n on input line 13.
LaTeX Font Info:    ... okay on input line 13.
LaTeX Font Info:    Checking defaults for TS1/cmr/m/n on input line 13.
LaTeX Font Info:    ... okay on input line 13.
LaTeX Font Info:    Checking defaults for OMX/cmex/m/n on input line 13.
LaTeX Font Info:    ... okay on input line 13.
LaTeX Font Info:    Checking defaults for U/cmr/m/n on input line 13.
LaTeX Font Info:    ... okay on input line 13.
(C:\Miktex\tex/context/base/mkii\supp-pdf.mkii
[Loading MPS to PDF converter (version 2006.09.02).]
\scratchcounter=\count275
\scratchdimen=\dimen151
\scratchbox=\box53
\nofMPsegments=\count276
\nofMParguments=\count277
\everyMPshowfont=\toks31
\MPscratchCnt=\count278
\MPscratchDim=\dimen152
\MPnumerator=\count279
\makeMPintoPDFobject=\count280
\everyMPtoPDFconversion=\toks32
) (C:\Miktex\tex/latex/epstopdf-pkg\epstopdf-base.sty
Package: epstopdf-base 2020-01-24 v2.11 Base part for package epstopdf
Package epstopdf-base Info: Redefining graphics rule for `.eps' on input line 4
85.

(C:\Miktex\tex/latex/00miktex\epstopdf-sys.cfg
File: epstopdf-sys.cfg 2021/03/18 v2.0 Configuration of epstopdf for MiKTeX
)) [1

{C:/Users/Nejc/AppData/Local/MiKTeX/fonts/map/pdftex/pdftex.map}]
LaTeX Font Info:    Trying to load font information for U+msa on input line 41.

 (C:\Miktex\tex/latex/amsfonts\umsa.fd
File: umsa.fd 2013/01/14 v3.01 AMS symbols A
)
LaTeX Font Info:    Trying to load font information for U+msb on input line 41.


(C:\Miktex\tex/latex/amsfonts\umsb.fd
File: umsb.fd 2013/01/14 v3.01 AMS symbols B
) [1]
LaTeX Font Info:    Trying to load font information for T1+cmtt on input line 1
12.
 (C:\Miktex\tex/latex/base\t1cmtt.fd
File: t1cmtt.fd 2019/12/16 v2.5j Standard LaTeX font definitions
)
Overfull \hbox (7.79411pt too wide) in paragraph at lines 133--133
[]                \T1/cmtt/m/n/10.95 koliko = [zoge[j] + (random.randint(0, 25)
 / 100)[] 
 []

[2]
Overfull \hbox (30.4276pt too wide) in paragraph at lines 157--157
[]        \T1/cmtt/m/n/10.95 ime_datoteke = "najvecja_zasedenost_%d_%d_%d.csv" 
% (N, n, d)[] 
 []


Overfull \hbox (36.08597pt too wide) in paragraph at lines 157--157
[]            \T1/cmtt/m/n/10.95 # Ce je Poskusi == 0 izvajamo do prekinitve, s
icer omejeno[] 
 []


Overfull \hbox (64.37782pt too wide) in paragraph at lines 157--157
[]                    \T1/cmtt/m/n/10.95 najvecje_stevilo_zog_v_kosu(N, n, d, s
tevilo_ponovitev)[] 
 []

[3]
<popolnoma_nakljucno.png, id=30, 534.49687pt x 368.87813pt>
File: popolnoma_nakljucno.png Graphic file (type png)
<use popolnoma_nakljucno.png>
Package pdftex.def Info: popolnoma_nakljucno.png  used on input line 176.
(pdftex.def)             Requested size: 320.70059pt x 221.32857pt.
<delno_nakljucno.png, id=31, 534.49687pt x 368.87813pt>
File: delno_nakljucno.png Graphic file (type png)
<use delno_nakljucno.png>
Package pdftex.def Info: delno_nakljucno.png  used on input line 183.
(pdftex.def)             Requested size: 320.70059pt x 221.32857pt.
 [4 <./popolnoma_nakljucno.png>]
<popolnoma_nakljucno2.png, id=39, 534.49687pt x 368.87813pt>
File: popolnoma_nakljucno2.png Graphic file (type png)
<use popolnoma_nakljucno2.png>
Package pdftex.def Info: popolnoma_nakljucno2.png  used on input line 187.
(pdftex.def)             Requested size: 320.70059pt x 221.32857pt.

Overfull \hbox (0.22935pt too wide) in paragraph at lines 189--195
[]\T1/cmr/m/n/10.95 Najprej imamo zgo-raj pri-mer, ko ºoge raz-po-re-jamo po-po
l-noma na-klju£no.
 []


Underfull \hbox (badness 10000) in paragraph at lines 189--195

 []

<delno_nakljucno2.png, id=40, 534.49687pt x 368.87813pt>
File: delno_nakljucno2.png Graphic file (type png)
<use delno_nakljucno2.png>
Package pdftex.def Info: delno_nakljucno2.png  used on input line 199.
(pdftex.def)             Requested size: 320.70059pt x 221.32857pt.
[5 <./delno_nakljucno.png> <./popolnoma_nakljucno2.png>]
Underfull \hbox (badness 10000) in paragraph at lines 203--207

 []

[6 <./delno_nakljucno2.png>] [7] (porocilo.aux) ) 
Here is how much of TeX's memory you used:
 3877 strings out of 478582
 57382 string characters out of 2860762
 365255 words of memory out of 3000000
 22023 multiletter control sequences out of 15000+600000
 483749 words of font info for 64 fonts, out of 8000000 for 9000
 1141 hyphenation exceptions out of 8191
 55i,7n,62p,488b,201s stack positions out of 10000i,1000n,20000p,200000b,80000s
 <C:\Users\Nejc\AppData\Local\
MiKTeX\fonts/pk/ljfour/jknappen/ec/dpi600\ecbx1200.pk> <C:\Users\Nejc\AppData\L
ocal\MiKTeX\fonts/pk/ljfour/jknappen/ec/dpi600\ectt1095.pk> <C:\Users\Nejc\AppD
ata\Local\MiKTeX\fonts/pk/ljfour/jknappen/ec/dpi600\ecbx1095.pk> <C:\Users\Nejc
\AppData\Local\MiKTeX\fonts/pk/ljfour/jknappen/ec/dpi600\ecti1095.pk> <C:\Users
\Nejc\AppData\Local\MiKTeX\fonts/pk/ljfour/jknappen/ec/dpi600\tcrm1095.pk> <C:\
Users\Nejc\AppData\Local\MiKTeX\fonts/pk/ljfour/jknappen/ec/dpi600\ecrm1095.pk>
 <C:\Users\Nejc\AppData\Local\MiKTeX\fonts/pk/ljfour/jknappen/ec/dpi600\ecbx144
0.pk> <C:\Users\Nejc\AppData\Local\MiKTeX\fonts/pk/ljfour/jknappen/ec/dpi600\ec
rm1440.pk> <C:\Users\Nejc\AppData\Local\MiKTeX\fonts/pk/ljfour/jknappen/ec/dpi6
00\ecbx2074.pk> <C:\Users\Nejc\AppData\Local\MiKTeX\fonts/pk/ljfour/jknappen/ec
/dpi600\ecrm1728.pk><C:/Miktex/fonts/type1/public/amsfonts/cm/cmmi10.pfb><C:/Mi
ktex/fonts/type1/public/amsfonts/cm/cmmi12.pfb><C:/Miktex/fonts/type1/public/am
sfonts/cm/cmmi8.pfb><C:/Miktex/fonts/type1/public/amsfonts/cm/cmr10.pfb><C:/Mik
tex/fonts/type1/public/amsfonts/cm/cmr12.pfb><C:/Miktex/fonts/type1/public/amsf
onts/cm/cmr6.pfb><C:/Miktex/fonts/type1/public/amsfonts/cm/cmr8.pfb><C:/Miktex/
fonts/type1/public/amsfonts/cm/cmsy10.pfb><C:/Miktex/fonts/type1/public/amsfont
s/cm/cmsy8.pfb>
Output written on porocilo.pdf (8 pages, 221373 bytes).
PDF statistics:
 389 PDF objects out of 1000 (max. 8388607)
 0 named destinations out of 1000 (max. 500000)
 21 words of extra memory for PDF output out of 10000 (max. 10000000)

